<?xml version="1.0" encoding="UTF-8"?>
<testng-results skipped="0" failed="0" total="3" passed="3">
  <reporter-output>
  </reporter-output>
  <suite name="Suite" duration-ms="14691" started-at="2016-11-14T13:01:35Z" finished-at="2016-11-14T13:01:50Z">
    <groups>
    </groups>
    <test name="ieTest" duration-ms="14171" started-at="2016-11-14T13:01:35Z" finished-at="2016-11-14T13:01:49Z">
      <class name="seleniumGrid.Calculator">
        <test-method status="PASS" signature="launchbrowser(java.lang.String)[pri:0, instance:seleniumGrid.Calculator@4cc0edeb]" name="launchbrowser" is-config="true" duration-ms="10448" started-at="2016-11-14T13:01:35Z" finished-at="2016-11-14T13:01:46Z">
          <params>
            <param index="0">
              <value>
                <![CDATA[chrome]]>
              </value>
            </param>
          </params>
          <reporter-output>
          </reporter-output>
        </test-method> <!-- launchbrowser -->
        <test-method status="PASS" signature="calculatepercent()[pri:0, instance:seleniumGrid.Calculator@4cc0edeb]" name="calculatepercent" duration-ms="3717" started-at="2016-11-14T13:01:46Z" finished-at="2016-11-14T13:01:49Z">
          <reporter-output>
          </reporter-output>
        </test-method> <!-- calculatepercent -->
        <test-method status="PASS" signature="closeBrowser()[pri:0, instance:seleniumGrid.Calculator@4cc0edeb]" name="closeBrowser" is-config="true" duration-ms="0" started-at="2016-11-14T13:01:49Z" finished-at="2016-11-14T13:01:49Z">
          <reporter-output>
          </reporter-output>
        </test-method> <!-- closeBrowser -->
      </class> <!-- seleniumGrid.Calculator -->
    </test> <!-- ieTest -->
    <test name="ChromeTest" duration-ms="14204" started-at="2016-11-14T13:01:35Z" finished-at="2016-11-14T13:01:49Z">
      <class name="seleniumGrid.Calculator">
        <test-method status="PASS" signature="launchbrowser(java.lang.String)[pri:0, instance:seleniumGrid.Calculator@28feb3fa]" name="launchbrowser" is-config="true" duration-ms="10228" started-at="2016-11-14T13:01:35Z" finished-at="2016-11-14T13:01:45Z">
          <params>
            <param index="0">
              <value>
                <![CDATA[chrome]]>
              </value>
            </param>
          </params>
          <reporter-output>
          </reporter-output>
        </test-method> <!-- launchbrowser -->
        <test-method status="PASS" signature="calculatepercent()[pri:0, instance:seleniumGrid.Calculator@28feb3fa]" name="calculatepercent" duration-ms="3966" started-at="2016-11-14T13:01:45Z" finished-at="2016-11-14T13:01:49Z">
          <reporter-output>
          </reporter-output>
        </test-method> <!-- calculatepercent -->
        <test-method status="PASS" signature="closeBrowser()[pri:0, instance:seleniumGrid.Calculator@28feb3fa]" name="closeBrowser" is-config="true" duration-ms="0" started-at="2016-11-14T13:01:49Z" finished-at="2016-11-14T13:01:49Z">
          <reporter-output>
          </reporter-output>
        </test-method> <!-- closeBrowser -->
      </class> <!-- seleniumGrid.Calculator -->
    </test> <!-- ChromeTest -->
    <test name="FirefoxTest" duration-ms="14691" started-at="2016-11-14T13:01:35Z" finished-at="2016-11-14T13:01:50Z">
      <class name="seleniumGrid.Calculator">
        <test-method status="PASS" signature="launchbrowser(java.lang.String)[pri:0, instance:seleniumGrid.Calculator@4439f31e]" name="launchbrowser" is-config="true" duration-ms="11411" started-at="2016-11-14T13:01:35Z" finished-at="2016-11-14T13:01:47Z">
          <params>
            <param index="0">
              <value>
                <![CDATA[firefox]]>
              </value>
            </param>
          </params>
          <reporter-output>
          </reporter-output>
        </test-method> <!-- launchbrowser -->
        <test-method status="PASS" signature="calculatepercent()[pri:0, instance:seleniumGrid.Calculator@4439f31e]" name="calculatepercent" duration-ms="3273" started-at="2016-11-14T13:01:47Z" finished-at="2016-11-14T13:01:50Z">
          <reporter-output>
          </reporter-output>
        </test-method> <!-- calculatepercent -->
        <test-method status="PASS" signature="closeBrowser()[pri:0, instance:seleniumGrid.Calculator@4439f31e]" name="closeBrowser" is-config="true" duration-ms="0" started-at="2016-11-14T13:01:50Z" finished-at="2016-11-14T13:01:50Z">
          <reporter-output>
          </reporter-output>
        </test-method> <!-- closeBrowser -->
      </class> <!-- seleniumGrid.Calculator -->
    </test> <!-- FirefoxTest -->
  </suite> <!-- Suite -->
</testng-results>
